20171025_15:34:23.008 [main] [   ] Refreshing org.springframework.context.support.ClassPathXmlApplicationContext@509d5bae: startup date [Wed Oct 25 15:34:23 CST 2017]; root of context hierarchy
20171025_15:34:23.055 [main] [   ] Loading XML bean definitions from class path resource [spring-quartz.xml]
20171025_15:34:23.597 [main] [   ] Using default implementation for ThreadExecutor
20171025_15:34:23.597 [main] [   ] Initialized Scheduler Signaller of type: class org.quartz.core.SchedulerSignalerImpl
20171025_15:34:23.597 [main] [   ] Quartz Scheduler v.2.2.3 created.
20171025_15:34:23.597 [main] [   ] RAMJobStore initialized.
20171025_15:34:23.613 [main] [   ] Scheduler meta-data: Quartz Scheduler (v2.2.3) 'org.springframework.scheduling.quartz.SchedulerFactoryBean#0' with instanceId 'NON_CLUSTERED'
  Scheduler class: 'org.quartz.core.QuartzScheduler' - running locally.
  NOT STARTED.
  Currently in standby mode.
  Number of jobs executed: 0
  Using thread pool 'org.quartz.simpl.SimpleThreadPool' - with 10 threads.
  Using job-store 'org.quartz.simpl.RAMJobStore' - which does not support persistence. and is not clustered.

20171025_15:34:23.613 [main] [   ] Quartz scheduler 'org.springframework.scheduling.quartz.SchedulerFactoryBean#0' initialized from an externally provided properties instance.
20171025_15:34:23.613 [main] [   ] Quartz scheduler version: 2.2.3
20171025_15:34:23.613 [main] [   ] JobFactory set to: org.springframework.scheduling.quartz.AdaptableJobFactory@1bac8b63
20171025_15:34:23.660 [main] [   ] Starting beans in phase 2147483647
20171025_15:34:23.660 [main] [   ] Starting Quartz Scheduler now
20171025_15:34:23.660 [main] [   ] Scheduler org.springframework.scheduling.quartz.SchedulerFactoryBean#0_$_NON_CLUSTERED started.
20171025_15:50:52.645 [main] [   ] Refreshing org.springframework.context.support.ClassPathXmlApplicationContext@509d5bae: startup date [Wed Oct 25 15:50:52 CST 2017]; root of context hierarchy
20171025_15:50:52.692 [main] [   ] Loading XML bean definitions from class path resource [spring-quartz.xml]
20171025_15:50:53.210 [main] [   ] Using default implementation for ThreadExecutor
20171025_15:50:53.226 [main] [   ] Initialized Scheduler Signaller of type: class org.quartz.core.SchedulerSignalerImpl
20171025_15:50:53.226 [main] [   ] Quartz Scheduler v.2.2.3 created.
20171025_15:50:53.226 [main] [   ] RAMJobStore initialized.
20171025_15:50:53.226 [main] [   ] Scheduler meta-data: Quartz Scheduler (v2.2.3) 'org.springframework.scheduling.quartz.SchedulerFactoryBean#0' with instanceId 'NON_CLUSTERED'
  Scheduler class: 'org.quartz.core.QuartzScheduler' - running locally.
  NOT STARTED.
  Currently in standby mode.
  Number of jobs executed: 0
  Using thread pool 'org.quartz.simpl.SimpleThreadPool' - with 10 threads.
  Using job-store 'org.quartz.simpl.RAMJobStore' - which does not support persistence. and is not clustered.

20171025_15:50:53.226 [main] [   ] Quartz scheduler 'org.springframework.scheduling.quartz.SchedulerFactoryBean#0' initialized from an externally provided properties instance.
20171025_15:50:53.226 [main] [   ] Quartz scheduler version: 2.2.3
20171025_15:50:53.241 [main] [   ] JobFactory set to: org.springframework.scheduling.quartz.AdaptableJobFactory@625d8db5
20171025_15:50:53.318 [main] [   ] Starting beans in phase 2147483647
20171025_15:50:53.318 [main] [   ] Starting Quartz Scheduler now
20171025_15:50:53.318 [main] [   ] Scheduler org.springframework.scheduling.quartz.SchedulerFactoryBean#0_$_NON_CLUSTERED started.
20171025_15:52:36.451 [main] [   ] Refreshing org.springframework.context.support.ClassPathXmlApplicationContext@aee25db: startup date [Wed Oct 25 15:52:36 CST 2017]; root of context hierarchy
20171025_15:52:36.483 [main] [   ] Loading XML bean definitions from class path resource [spring-quartz.xml]
20171025_15:52:37.054 [main] [   ] Exception encountered during context initialization - cancelling refresh attempt
org.springframework.beans.factory.BeanCreationException: Error creating bean with name 'cronTrigger' defined in class path resource [spring-quartz.xml]: Invocation of init method failed; nested exception is java.text.ParseException: Support for specifying both a day-of-week AND a day-of-month parameter is not implemented.
	at org.springframework.beans.factory.support.AbstractAutowireCapableBeanFactory.initializeBean(AbstractAutowireCapableBeanFactory.java:1578)
	at org.springframework.beans.factory.support.AbstractAutowireCapableBeanFactory.doCreateBean(AbstractAutowireCapableBeanFactory.java:545)
	at org.springframework.beans.factory.support.AbstractAutowireCapableBeanFactory.createBean(AbstractAutowireCapableBeanFactory.java:482)
	at org.springframework.beans.factory.support.AbstractBeanFactory$1.getObject(AbstractBeanFactory.java:305)
	at org.springframework.beans.factory.support.DefaultSingletonBeanRegistry.getSingleton(DefaultSingletonBeanRegistry.java:230)
	at org.springframework.beans.factory.support.AbstractBeanFactory.doGetBean(AbstractBeanFactory.java:301)
	at org.springframework.beans.factory.support.AbstractBeanFactory.getBean(AbstractBeanFactory.java:196)
	at org.springframework.beans.factory.support.DefaultListableBeanFactory.preInstantiateSingletons(DefaultListableBeanFactory.java:753)
	at org.springframework.context.support.AbstractApplicationContext.finishBeanFactoryInitialization(AbstractApplicationContext.java:835)
	at org.springframework.context.support.AbstractApplicationContext.refresh(AbstractApplicationContext.java:537)
	at org.springframework.context.support.ClassPathXmlApplicationContext.<init>(ClassPathXmlApplicationContext.java:139)
	at org.springframework.context.support.ClassPathXmlApplicationContext.<init>(ClassPathXmlApplicationContext.java:83)
	at com.wangnz.java.test.TestQuartz.test1(TestQuartz.java:14)
	at sun.reflect.NativeMethodAccessorImpl.invoke0(Native Method)
	at sun.reflect.NativeMethodAccessorImpl.invoke(NativeMethodAccessorImpl.java:57)
	at sun.reflect.DelegatingMethodAccessorImpl.invoke(DelegatingMethodAccessorImpl.java:43)
	at java.lang.reflect.Method.invoke(Method.java:606)
	at org.junit.runners.model.FrameworkMethod$1.runReflectiveCall(FrameworkMethod.java:50)
	at org.junit.internal.runners.model.ReflectiveCallable.run(ReflectiveCallable.java:12)
	at org.junit.runners.model.FrameworkMethod.invokeExplosively(FrameworkMethod.java:47)
	at org.junit.internal.runners.statements.InvokeMethod.evaluate(InvokeMethod.java:17)
	at org.junit.runners.ParentRunner.runLeaf(ParentRunner.java:325)
	at org.junit.runners.BlockJUnit4ClassRunner.runChild(BlockJUnit4ClassRunner.java:78)
	at org.junit.runners.BlockJUnit4ClassRunner.runChild(BlockJUnit4ClassRunner.java:57)
	at org.junit.runners.ParentRunner$3.run(ParentRunner.java:290)
	at org.junit.runners.ParentRunner$1.schedule(ParentRunner.java:71)
	at org.junit.runners.ParentRunner.runChildren(ParentRunner.java:288)
	at org.junit.runners.ParentRunner.access$000(ParentRunner.java:58)
	at org.junit.runners.ParentRunner$2.evaluate(ParentRunner.java:268)
	at org.junit.runners.ParentRunner.run(ParentRunner.java:363)
	at org.junit.runner.JUnitCore.run(JUnitCore.java:137)
	at com.intellij.junit4.JUnit4IdeaTestRunner.startRunnerWithArgs(JUnit4IdeaTestRunner.java:68)
	at com.intellij.rt.execution.junit.IdeaTestRunner$Repeater.startRunnerWithArgs(IdeaTestRunner.java:51)
	at com.intellij.rt.execution.junit.JUnitStarter.prepareStreamsAndStart(JUnitStarter.java:237)
	at com.intellij.rt.execution.junit.JUnitStarter.main(JUnitStarter.java:70)
Caused by: java.text.ParseException: Support for specifying both a day-of-week AND a day-of-month parameter is not implemented.
	at org.quartz.CronExpression.buildExpression(CronExpression.java:511)
	at org.quartz.CronExpression.<init>(CronExpression.java:276)
	at org.quartz.impl.triggers.CronTriggerImpl.setCronExpression(CronTriggerImpl.java:347)
	at org.springframework.scheduling.quartz.CronTriggerFactoryBean.afterPropertiesSet(CronTriggerFactoryBean.java:243)
	at org.springframework.beans.factory.support.AbstractAutowireCapableBeanFactory.invokeInitMethods(AbstractAutowireCapableBeanFactory.java:1637)
	at org.springframework.beans.factory.support.AbstractAutowireCapableBeanFactory.initializeBean(AbstractAutowireCapableBeanFactory.java:1574)
	... 34 common frames omitted
20171025_15:53:52.337 [main] [   ] Refreshing org.springframework.context.support.ClassPathXmlApplicationContext@aee25db: startup date [Wed Oct 25 15:53:52 CST 2017]; root of context hierarchy
20171025_15:53:52.384 [main] [   ] Loading XML bean definitions from class path resource [spring-quartz.xml]
20171025_15:53:52.870 [main] [   ] Using default implementation for ThreadExecutor
20171025_15:53:52.901 [main] [   ] Initialized Scheduler Signaller of type: class org.quartz.core.SchedulerSignalerImpl
20171025_15:53:52.901 [main] [   ] Quartz Scheduler v.2.2.3 created.
20171025_15:53:52.901 [main] [   ] RAMJobStore initialized.
20171025_15:53:52.901 [main] [   ] Scheduler meta-data: Quartz Scheduler (v2.2.3) 'org.springframework.scheduling.quartz.SchedulerFactoryBean#0' with instanceId 'NON_CLUSTERED'
  Scheduler class: 'org.quartz.core.QuartzScheduler' - running locally.
  NOT STARTED.
  Currently in standby mode.
  Number of jobs executed: 0
  Using thread pool 'org.quartz.simpl.SimpleThreadPool' - with 10 threads.
  Using job-store 'org.quartz.simpl.RAMJobStore' - which does not support persistence. and is not clustered.

20171025_15:53:52.901 [main] [   ] Quartz scheduler 'org.springframework.scheduling.quartz.SchedulerFactoryBean#0' initialized from an externally provided properties instance.
20171025_15:53:52.901 [main] [   ] Quartz scheduler version: 2.2.3
20171025_15:53:52.901 [main] [   ] JobFactory set to: org.springframework.scheduling.quartz.AdaptableJobFactory@625d8db5
20171025_15:53:52.993 [main] [   ] Starting beans in phase 2147483647
20171025_15:53:52.993 [main] [   ] Starting Quartz Scheduler now
20171025_15:53:52.994 [main] [   ] Scheduler org.springframework.scheduling.quartz.SchedulerFactoryBean#0_$_NON_CLUSTERED started.
